\BOOKMARK [1][-]{section.1}{\376\377\000R\000e\000s\000u\000m\000e\000n}{}% 1
\BOOKMARK [1][-]{section.2}{\376\377\000I\000n\000t\000r\000o\000d\000u\000c\000c\000i\000\363\000n}{}% 2
\BOOKMARK [2][-]{subsection.2.1}{\376\377\000N\000e\000c\000e\000s\000i\000d\000a\000d\000e\000s\000\040\000/\000\040\000R\000e\000q\000u\000e\000r\000i\000m\000i\000e\000n\000t\000o\000s}{section.2}% 3
\BOOKMARK [3][-]{subsubsection.2.1.1}{\376\377\000\277\000P\000o\000r\000\040\000q\000u\000\351\000\040\000T\000e\000x\000t\000o\000\040\000P\000l\000a\000n\000o\000?}{subsection.2.1}% 4
\BOOKMARK [3][-]{subsubsection.2.1.2}{\376\377\000\277\000P\000o\000r\000\040\000q\000u\000\351\000\040\000I\000n\000t\000e\000r\000f\000a\000z\000\040\000d\000e\000\040\000L\000i\000n\000e\000a\000\040\000d\000e\000\040\000C\000o\000m\000a\000n\000d\000o\000s\000?}{subsection.2.1}% 5
\BOOKMARK [2][-]{subsection.2.2}{\376\377\000M\000o\000t\000i\000v\000a\000c\000i\000o\000n}{section.2}% 6
\BOOKMARK [2][-]{subsection.2.3}{\376\377\000A\000n\000t\000e\000c\000e\000d\000e\000n\000t\000e\000s}{section.2}% 7
\BOOKMARK [3][-]{subsubsection.2.3.1}{\376\377\000M\000u\000s\000e\000D\000a\000t\000a}{subsection.2.3}% 8
\BOOKMARK [4][-]{paragraph.2.3.1.1}{\376\377\000O\000r\000g\000a\000n\000i\000z\000a\000c\000i\000\363\000n\000\040\000d\000e\000\040\000a\000r\000c\000h\000i\000v\000o\000s\000\040\000M\000u\000s\000e\000D\000a\000t\000a}{subsubsection.2.3.1}% 9
\BOOKMARK [4][-]{paragraph.2.3.1.2}{\376\377\000L\000a\000\040\000r\000e\000p\000r\000e\000s\000e\000n\000t\000a\000c\000i\000\363\000n\000\040\000M\000u\000s\000e\000D\000a\000t\000a\000\040\000d\000e\000\040\000i\000n\000f\000o\000r\000m\000a\000c\000i\000\363\000n\000\040\000m\000u\000s\000i\000c\000a\000l}{subsubsection.2.3.1}% 10
\BOOKMARK [3][-]{subsubsection.2.3.2}{\376\377\000H\000u\000m\000d\000r\000u\000m}{subsection.2.3}% 11
\BOOKMARK [4][-]{paragraph.2.3.2.1}{\376\377\000R\000e\000p\000r\000e\000s\000e\000n\000t\000a\000c\000i\000\363\000n}{subsubsection.2.3.2}% 12
\BOOKMARK [4][-]{paragraph.2.3.2.2}{\376\377\000M\000a\000n\000i\000p\000u\000l\000a\000c\000i\000\363\000n}{subsubsection.2.3.2}% 13
\BOOKMARK [4][-]{paragraph.2.3.2.3}{\376\377\000D\000e\000\040\000l\000a\000\040\000e\000x\000p\000e\000r\000i\000e\000n\000c\000i\000a\000\040\000a\000\040\000l\000a\000\040\000a\000p\000r\000e\000c\000i\000a\000c\000i\000\363\000n}{subsubsection.2.3.2}% 14
\BOOKMARK [4][-]{paragraph.2.3.2.4}{\376\377\000C\000L\000I\000\040\000v\000s\000\040\000G\000U\000I}{subsubsection.2.3.2}% 15
\BOOKMARK [3][-]{subsubsection.2.3.3}{\376\377\0002\000.\0004\000.\0003\000\040\000M\000u\000s\000i\000c\000X\000M\000L}{subsection.2.3}% 16
\BOOKMARK [3][-]{subsubsection.2.3.4}{\376\377\000M\000u\000s\000i\000c\000\040\000M\000a\000r\000k\000u\000p\000\040\000L\000a\000n\000g\000u\000a\000g\000e}{subsection.2.3}% 17
\BOOKMARK [3][-]{subsubsection.2.3.5}{\376\377\000F\000l\000o\000c\000k\000i\000n\000g}{subsection.2.3}% 18
\BOOKMARK [4][-]{paragraph.2.3.5.1}{\376\377\000C\000o\000m\000o\000\040\000f\000u\000n\000c\000i\000o\000n\000a\000\040\000F\000l\000o\000c\000k\000i\000n\000g}{subsubsection.2.3.5}% 19
\BOOKMARK [4][-]{paragraph.2.3.5.2}{\376\377\000P\000r\000o\000g\000r\000a\000m\000a\000c\000i\000\363\000n\000\040\000d\000e\000c\000l\000a\000r\000a\000t\000i\000v\000a}{subsubsection.2.3.5}% 20
\BOOKMARK [1][-]{section.3}{\376\377\000M\000e\000t\000o\000d\000o\000l\000o\000g\000\355\000a}{}% 21
\BOOKMARK [2][-]{subsection.3.1}{\376\377\000D\000i\000a\000g\000r\000a\000m\000a\000\040\000d\000e\000\040\000p\000r\000o\000c\000e\000d\000i\000m\000i\000e\000n\000t\000o}{section.3}% 22
\BOOKMARK [2][-]{subsection.3.2}{\376\377\000D\000e\000s\000a\000r\000r\000o\000l\000l\000o}{section.3}% 23
\BOOKMARK [3][-]{subsubsection.3.2.1}{\376\377\000Y\000A\000M\000L}{subsection.3.2}% 24
\BOOKMARK [3][-]{subsubsection.3.2.2}{\376\377\000P\000y\000t\000h\000o\000n}{subsection.3.2}% 25
\BOOKMARK [3][-]{subsubsection.3.2.3}{\376\377\000m\000i\000d\000i\000U\000T\000I\000L}{subsection.3.2}% 26
\BOOKMARK [3][-]{subsubsection.3.2.4}{\376\377\000O\000t\000r\000a\000s\000\040\000h\000e\000r\000r\000a\000m\000i\000e\000n\000t\000a\000s}{subsection.3.2}% 27
\BOOKMARK [1][-]{section.4}{\376\377\000R\000e\000s\000u\000l\000t\000a\000d\000o\000s}{}% 28
\BOOKMARK [2][-]{subsection.4.1}{\376\377\000G\000r\000a\000m\000\341\000t\000i\000c\000a}{section.4}% 29
\BOOKMARK [3][-]{subsubsection.4.1.1}{\376\377\000E\000s\000t\000r\000u\000c\000t\000u\000r\000a\000\040\000g\000r\000\341\000m\000a\000t\000i\000c\000a\000l\000,\000\040\000r\000e\000p\000r\000e\000s\000e\000n\000t\000a\000c\000i\000\363\000n\000\040\000d\000e\000\040\000r\000e\000l\000a\000c\000i\000o\000n\000e\000s\000\040\000j\000e\000r\000a\000r\000q\000u\000\355\000c\000a\000s}{subsection.4.1}% 30
\BOOKMARK [3][-]{subsubsection.4.1.2}{\376\377\000V\000o\000c\000a\000b\000u\000l\000a\000r\000i\000o}{subsection.4.1}% 31
\BOOKMARK [4][-]{paragraph.4.1.2.1}{\376\377\000P\000r\000o\000p\000i\000e\000d\000a\000d\000e\000s\000\040\000d\000e\000\040\000P\000i\000s\000t\000a}{subsubsection.4.1.2}% 32
\BOOKMARK [4][-]{paragraph.4.1.2.2}{\376\377\000P\000r\000o\000p\000i\000e\000d\000a\000d\000e\000s\000\040\000d\000e\000\040\000u\000n\000i\000d\000a\000d}{subsubsection.4.1.2}% 33
\BOOKMARK [2][-]{subsection.4.2}{\376\377\000I\000m\000p\000l\000e\000m\000e\000n\000t\000a\000c\000i\000\363\000n}{section.4}% 34
\BOOKMARK [3][-]{subsubsection.4.2.1}{\376\377\000D\000i\000a\000g\000r\000a\000m\000a\000\040\000d\000e\000\040\000a\000r\000q\000u\000i\000t\000e\000c\000t\000u\000r\000a}{subsection.4.2}% 35
\BOOKMARK [3][-]{subsubsection.4.2.2}{\376\377\000S\000e\000c\000c\000i\000o\000n\000e\000s\000\040\000d\000e\000\040\000p\000r\000i\000c\000i\000p\000a\000l\000e\000s\000\040\000d\000e\000l\000\040\000d\000e\000s\000a\000r\000r\000o\000l\000l\000o}{subsection.4.2}% 36
\BOOKMARK [4][-]{paragraph.4.2.2.1}{\376\377\000C\000l\000a\000s\000e\000\040\000P\000i\000s\000t\000a}{subsubsection.4.2.2}% 37
\BOOKMARK [4][-]{paragraph.4.2.2.2}{\376\377\000R\000e\000c\000u\000r\000s\000i\000o\000n\000\040\000p\000r\000i\000n\000c\000i\000p\000a\000l}{subsubsection.4.2.2}% 38
\BOOKMARK [2][-]{subsection.4.3}{\376\377\000D\000e\000m\000o\000s\000t\000r\000a\000c\000i\000o\000n\000e\000s}{section.4}% 39
\BOOKMARK [3][-]{subsubsection.4.3.1}{\376\377\000M\000e\000l\000o\000d\000i\000a\000\040\000S\000i\000m\000p\000l\000e}{subsection.4.3}% 40
\BOOKMARK [4][-]{paragraph.4.3.1.1}{\376\377\000Y\000A\000M\000L}{subsubsection.4.3.1}% 41
\BOOKMARK [4][-]{paragraph.4.3.1.2}{\376\377\000P\000a\000r\000t\000i\000t\000u\000r\000a}{subsubsection.4.3.1}% 42
\BOOKMARK [4][-]{paragraph.4.3.1.3}{\376\377\000G\000r\000\341\000f\000i\000c\000o}{subsubsection.4.3.1}% 43
\BOOKMARK [3][-]{subsubsection.4.3.2}{\376\377\000M\000u\000l\000t\000i\000p\000l\000e\000s\000\040\000C\000a\000n\000a\000l\000e\000s}{subsection.4.3}% 44
\BOOKMARK [4][-]{paragraph.4.3.2.1}{\376\377\000Y\000A\000M\000L}{subsubsection.4.3.2}% 45
\BOOKMARK [4][-]{paragraph.4.3.2.2}{\376\377\000P\000a\000r\000t\000i\000t\000u\000r\000a}{subsubsection.4.3.2}% 46
\BOOKMARK [4][-]{paragraph.4.3.2.3}{\376\377\000G\000r\000\341\000f\000i\000c\000o}{subsubsection.4.3.2}% 47
\BOOKMARK [3][-]{subsubsection.4.3.3}{\376\377\000P\000o\000l\000i\000m\000e\000t\000r\000\355\000a}{subsection.4.3}% 48
\BOOKMARK [4][-]{paragraph.4.3.3.1}{\376\377\000Y\000A\000M\000L}{subsubsection.4.3.3}% 49
\BOOKMARK [4][-]{paragraph.4.3.3.2}{\376\377\000P\000a\000r\000t\000i\000t\000u\000r\000a}{subsubsection.4.3.3}% 50
\BOOKMARK [4][-]{paragraph.4.3.3.3}{\376\377\000G\000r\000\341\000f\000i\000c\000o}{subsubsection.4.3.3}% 51
\BOOKMARK [1][-]{section.5}{\376\377\000C\000o\000n\000c\000l\000u\000c\000i\000o\000n\000e\000s}{}% 52
\BOOKMARK [2][-]{subsection.5.1}{\376\377\000P\000r\000u\000e\000b\000a\000s\000\040\000/\000\040\000E\000n\000t\000r\000e\000v\000i\000s\000t\000a\000s}{section.5}% 53
\BOOKMARK [1][-]{section.6}{\376\377\000A\000p\000\351\000n\000d\000i\000c\000e}{}% 54
\BOOKMARK [2][-]{subsection.6.1}{\376\377\000p\000i\000s\000t\000a\000.\000p\000y}{section.6}% 55
\BOOKMARK [2][-]{subsection.6.2}{\376\377\000m\000a\000i\000n\000.\000p\000y}{section.6}% 56
\BOOKMARK [1][-]{section.7}{\376\377\000B\000i\000b\000l\000i\000o\000g\000r\000a\000f\000\355\000a}{}% 57
